2025-11-11 12:59:37 | ⚠️ Full bots complete (1/5, avg PnL +0.00%) — failed: momentum, signal_follow, breakout, hybrid
    momentum        +0.00%
    mean_revert     +0.00%
    signal_follow   +0.00%
    breakout        +0.00%
    hybrid          +0.00%
2025-11-11 13:12:19 | ✅ Full bots complete (5/5 successful, avg PnL +0.00%)
    momentum        +0.00%
    mean_revert     +0.00%
    signal_follow   +0.00%
    breakout        +0.00%
    hybrid          +0.00%
2025-11-11 13:23:15 | ✅ Full bots complete (5/5 successful, avg PnL +0.00%)
    momentum        +0.00%
    mean_revert     +0.00%
    signal_follow   +0.00%
    breakout        +0.00%
    hybrid          +0.00%
2025-11-11 14:32:58 | ✅ Full bots complete (5/5 successful, avg PnL +0.00%)
    momentum        +0.00%
    mean_revert     +0.00%
    signal_follow   +0.00%
    breakout        +0.00%
    hybrid          +0.00%
2025-11-11 18:41:09 | ✅ Full bots complete (5/5 successful, avg PnL +0.00%)
    momentum        +0.00%
    mean_revert     +0.00%
    signal_follow   +0.00%
    breakout        +0.00%
    hybrid          +0.00%
